<?xml version="1.0" encoding="UTF-8"?>
<testng-results skipped="0" failed="1" ignored="0" total="6" passed="5">
  <reporter-output>
  </reporter-output>
  <suite name="Test Suite" duration-ms="66931" started-at="2022-02-23T16:45:07 IST" finished-at="2022-02-23T16:46:14 IST">
    <groups>
    </groups>
    <test name="Compare temperature" duration-ms="66931" started-at="2022-02-23T16:45:07 IST" finished-at="2022-02-23T16:46:14 IST">
      <class name="TestPack.CompareResult">
        <test-method status="PASS" signature="openUrl()[pri:0, instance:TestPack.CompareResult@517cd4b]" name="openUrl" is-config="true" duration-ms="13910" started-at="2022-02-23T16:45:07 IST" finished-at="2022-02-23T16:45:21 IST">
          <reporter-output>
          </reporter-output>
        </test-method> <!-- openUrl -->
        <test-method status="PASS" signature="TempCompare(java.lang.String)[pri:0, instance:TestPack.CompareResult@517cd4b]" name="TempCompare" duration-ms="6804" started-at="2022-02-23T16:45:21 IST" data-provider="cityData" finished-at="2022-02-23T16:45:28 IST">
          <params>
            <param index="0">
              <value>
                <![CDATA[Salem]]>
              </value>
            </param>
          </params>
          <reporter-output>
          </reporter-output>
        </test-method> <!-- TempCompare -->
        <test-method status="FAIL" signature="TempCompare(java.lang.String)[pri:0, instance:TestPack.CompareResult@517cd4b]" name="TempCompare" duration-ms="6408" started-at="2022-02-23T16:45:28 IST" data-provider="cityData" finished-at="2022-02-23T16:45:34 IST">
          <params>
            <param index="0">
              <value>
                <![CDATA[Namakkal]]>
              </value>
            </param>
          </params>
          <exception class="java.lang.AssertionError">
            <message>
              <![CDATA[Temperatures are not equal]]>
            </message>
            <full-stacktrace>
              <![CDATA[java.lang.AssertionError: Temperatures are not equal
at org.testng.Assert.fail(Assert.java:99)
at Pages.WeatherPage.getAPIValue(WeatherPage.java:75)
at Pages.WeatherPage.getUITempValue(WeatherPage.java:58)
at TestPack.CompareResult.TempCompare(CompareResult.java:50)
at sun.reflect.NativeMethodAccessorImpl.invoke0(Native Method)
at sun.reflect.NativeMethodAccessorImpl.invoke(NativeMethodAccessorImpl.java:62)
at sun.reflect.DelegatingMethodAccessorImpl.invoke(DelegatingMethodAccessorImpl.java:43)
at java.lang.reflect.Method.invoke(Method.java:498)
at org.testng.internal.MethodInvocationHelper.invokeMethod(MethodInvocationHelper.java:133)
at org.testng.internal.TestInvoker.invokeMethod(TestInvoker.java:598)
at org.testng.internal.TestInvoker.invokeTestMethod(TestInvoker.java:173)
at org.testng.internal.MethodRunner.runInSequence(MethodRunner.java:46)
at org.testng.internal.TestInvoker$MethodInvocationAgent.invoke(TestInvoker.java:824)
at org.testng.internal.TestInvoker.invokeTestMethods(TestInvoker.java:146)
at org.testng.internal.TestMethodWorker.invokeTestMethods(TestMethodWorker.java:146)
at org.testng.internal.TestMethodWorker.run(TestMethodWorker.java:128)
at java.util.ArrayList.forEach(ArrayList.java:1257)
at org.testng.TestRunner.privateRun(TestRunner.java:794)
at org.testng.TestRunner.run(TestRunner.java:596)
at org.testng.SuiteRunner.runTest(SuiteRunner.java:377)
at org.testng.SuiteRunner.runSequentially(SuiteRunner.java:371)
at org.testng.SuiteRunner.privateRun(SuiteRunner.java:332)
at org.testng.SuiteRunner.run(SuiteRunner.java:276)
at org.testng.SuiteRunnerWorker.runSuite(SuiteRunnerWorker.java:53)
at org.testng.SuiteRunnerWorker.run(SuiteRunnerWorker.java:96)
at org.testng.TestNG.runSuitesSequentially(TestNG.java:1212)
at org.testng.TestNG.runSuitesLocally(TestNG.java:1134)
at org.testng.TestNG.runSuites(TestNG.java:1063)
at org.testng.TestNG.run(TestNG.java:1031)
at org.testng.remote.AbstractRemoteTestNG.run(AbstractRemoteTestNG.java:115)
at org.testng.remote.RemoteTestNG.initAndRun(RemoteTestNG.java:251)
at org.testng.remote.RemoteTestNG.main(RemoteTestNG.java:77)
]]>
            </full-stacktrace>
          </exception> <!-- java.lang.AssertionError -->
          <reporter-output>
          </reporter-output>
        </test-method> <!-- TempCompare -->
        <test-method status="PASS" signature="TempCompare(java.lang.String)[pri:0, instance:TestPack.CompareResult@517cd4b]" name="TempCompare" duration-ms="6110" started-at="2022-02-23T16:45:34 IST" data-provider="cityData" finished-at="2022-02-23T16:45:40 IST">
          <params>
            <param index="0">
              <value>
                <![CDATA[Erode]]>
              </value>
            </param>
          </params>
          <reporter-output>
          </reporter-output>
        </test-method> <!-- TempCompare -->
        <test-method status="PASS" signature="TempCompare(java.lang.String)[pri:0, instance:TestPack.CompareResult@517cd4b]" name="TempCompare" duration-ms="6689" started-at="2022-02-23T16:45:40 IST" data-provider="cityData" finished-at="2022-02-23T16:45:47 IST">
          <params>
            <param index="0">
              <value>
                <![CDATA[Karur]]>
              </value>
            </param>
          </params>
          <reporter-output>
          </reporter-output>
        </test-method> <!-- TempCompare -->
        <test-method status="PASS" signature="TempCompare(java.lang.String)[pri:0, instance:TestPack.CompareResult@517cd4b]" name="TempCompare" duration-ms="6234" started-at="2022-02-23T16:45:47 IST" data-provider="cityData" finished-at="2022-02-23T16:45:53 IST">
          <params>
            <param index="0">
              <value>
                <![CDATA[Chennai]]>
              </value>
            </param>
          </params>
          <reporter-output>
          </reporter-output>
        </test-method> <!-- TempCompare -->
        <test-method status="PASS" signature="TempCompare(java.lang.String)[pri:0, instance:TestPack.CompareResult@517cd4b]" name="TempCompare" duration-ms="6182" started-at="2022-02-23T16:45:53 IST" data-provider="cityData" finished-at="2022-02-23T16:45:59 IST">
          <params>
            <param index="0">
              <value>
                <![CDATA[Delhi]]>
              </value>
            </param>
          </params>
          <reporter-output>
          </reporter-output>
        </test-method> <!-- TempCompare -->
        <test-method status="PASS" signature="close()[pri:0, instance:TestPack.CompareResult@517cd4b]" name="close" is-config="true" duration-ms="14313" started-at="2022-02-23T16:45:59 IST" finished-at="2022-02-23T16:46:14 IST">
          <reporter-output>
          </reporter-output>
        </test-method> <!-- close -->
        <test-method status="PASS" signature="openReport()[pri:0, instance:TestPack.CompareResult@517cd4b]" name="openReport" is-config="true" duration-ms="291" started-at="2022-02-23T16:46:14 IST" finished-at="2022-02-23T16:46:14 IST">
          <reporter-output>
          </reporter-output>
        </test-method> <!-- openReport -->
      </class> <!-- TestPack.CompareResult -->
    </test> <!-- Compare temperature -->
  </suite> <!-- Test Suite -->
</testng-results>
